### ISSUE TITLE
sv39_pmp_on_pte_Smode.elf  PTE fall on a  region with PMP X only permission,  PTW should raise access fault

### ISSUE THREAD

**Issue by haijiang-xu** [riscv/riscv-arch-test#1893]
**Test name**
sv39_pmp_on_pte_Smode.S

**Describe the bug**
```
RVCP-SUMMARY: TEST FAILED - Test File "sv39_pmp_on_pte_Smode.S"                                                                                                          
RVCP: DEBUG INFORMATION FOLLOWS                                                                                                                                          
RVCP: Test Info: "Mismatch in mcause value! Trap was being handled in M-Mode."                                                                                           
RVCP: ===== TRAP FAILURE DIAGNOSTICS =====                                                                                                                               
RVCP: Failure: "Mismatch in mcause value! Trap was being handled in M-Mode."                                                                                             
RVCP: Trap handler mode: M-mode                                                                                                                                          
RVCP: Mismatching field: XCAUSE (trap signature word 1)                                                                                                                  
RVCP: Expected value: 0x0000000000000007                                                                                                                                 
RVCP: Actual value:   0x0000000000000001                                                                                                                                 
RVCP: Expected cause: Store/AMO access fault                                                                                                                             
RVCP: Actual cause:   Instruction access fault                                                                                                                           
RVCP: MEPC:    0x0000000000000000                                                                                                                                        
RVCP: MCAUSE:  0x0000000000000001                                                                                                                                        
RVCP: MTVAL:   0xffffffff800002f0                                                                                                                                        
RVCP: MSTATUS: 0x8000040a00006e00                                                                                                                                        
RVCP: HINT: XCAUSE mismatch means a different exception or interrupt type was                                                                                            
RVCP:       observed. Check: instruction encoding correctness, CSR accessibility                                                                                         
RVCP:       at current privilege, PMP/page table configuration, extension support.                                                                                       
RVCP: END OF DEBUG INFORMATION
```

**Expected behavior**
Sail should raise exception cause 1 (instruction access-fault). confirming that PMP successfully prevents PTE read access during page table walk

**Additional context**

```
(gdb) disassemble $pc-20,$pc+20                                                                                                                                          
Dump of assembler code from 0x800002d8 to 0x80000300:                                                                                                                    
   0x00000000800002d8 <write_pmpcfg0+280>:      sub     t1,t1,s1                                                                                                         
   0x00000000800002dc <write_pmpcfg0+284>:      addi    t1,t1,16                                                                                                         
   0x00000000800002e0 <write_pmpcfg0+288>:      auipc   s1,0x0                                                                                                           
   0x00000000800002e4 <write_pmpcfg0+292>:      add     s1,s1,t1                                                                                                         
   0x00000000800002e8 <write_pmpcfg0+296>:      csrw    mepc,s1                                                                                                          
=> 0x00000000800002ec <write_pmpcfg0+300>:      mret                                                                                                                     
   0x00000000800002f0 <write_pmpcfg0+304>:      addi    a2,a2,16
   # C950 generates instruction access-fault (cause=1) at 0x800002f0, confirming that PMP successfully prevents PTE read access during page table walk.
   0x00000000800002f4 <test1_store+0>:  sw      a2,20(a5)
   # Sail triggers store/AMO access-fault at 0x800002f4 because a5=0x9000 is an inaccessible address.
   0x00000000800002f8 <test1_store+4>:  nop                                                                                                                              
   0x00000000800002fc <test1_load+0>:   lw      a3,20(a5)                                                                                                                
End of assembler dump. 
(gdb) i r a5                                                                                                                                                             
a5             0x9000   36864 
(gdb) i r s1                                                                                                                                                             
s1             0xffffffff800002f0       -2147482896
(gdb) i r pmpcfg0 pmpaddr0 pmpaddr1 pmpaddr2 pmpaddr3 pmpaddr5                                                                                                           
pmpcfg0        0xf001c  983068
pmpaddr0       0x200035ff       536884735
pmpaddr1       0x0      0
pmpaddr2       0x3ffffffffc00   70368744176640
pmpaddr3       0x0      0
pmpaddr5       0x0      0
(gdb) xsi 
0xffffffff800002f0 in ?? ()
Dump of assembler code from 0xffffffff800002dc to 0xffffffff80000304:
   0xffffffff800002dc:  .insn   2, 0x02c0
   0xffffffff800002de:  .insn   2, 0x8000
   0xffffffff800002e0:  .insn   2, 0x02c0
   0xffffffff800002e2:  .insn   2, 0x8000
   0xffffffff800002e4:  .insn   2, 0x02c0
   0xffffffff800002e6:  .insn   2, 0x8000
   0xffffffff800002e8:  .insn   2, 0x02c0
   0xffffffff800002ea:  .insn   2, 0x8000
   0xffffffff800002ec:  .insn   2, 0x02c0
   0xffffffff800002ee:  .insn   2, 0x8000
=> 0xffffffff800002f0:  .insn   2, 0x02c0
   0xffffffff800002f2:  .insn   2, 0x8000
   0xffffffff800002f4:  .insn   2, 0x02c0
   0xffffffff800002f6:  .insn   2, 0x8000
   0xffffffff800002f8:  .insn   2, 0x02c0
   0xffffffff800002fa:  .insn   2, 0x8000
   0xffffffff800002fc:  .insn   2, 0x02c0
   0xffffffff800002fe:  .insn   2, 0x8000
   0xffffffff80000300:  .insn   2, 0x0300
   0xffffffff80000302:  .insn   2, 0x8000
End of assembler dump.
(gdb) xsi 
0x0000000080000ac0 in Mtrampoline () at /home/jenkins/xuhj/workplaces/ACT/latest/riscv-arch-test/tests/priv/SvPMP/sv39_pmp_on_pte_Smode.S:218
218     in /home/jenkins/xuhj/workplaces/ACT/latest/riscv-arch-test/tests/priv/SvPMP/sv39_pmp_on_pte_Smode.S
Dump of assembler code from 0x80000aac to 0x80000ad4:
   0x0000000080000aac <abort_test+28>:  addi    a0,a0,685
   0x0000000080000ab0 <abort_test+32>:  j       0x800008d8 <cleanup_epilogs>
   0x0000000080000ab4 <abort_test+36>:  nop
   0x0000000080000ab8 <abort_test+40>:  nop
   0x0000000080000abc <abort_test+44>:  nop
=> 0x0000000080000ac0 <Mtrampoline+0>:  j       0x80000bc0 <trap_Mhandler>
   0x0000000080000ac4 <Mtrampoline+4>:  j       0x80000bcc <trap_Mhandler+12>
   0x0000000080000ac8 <Mtrampoline+8>:  j       0x80000bd8 <trap_Mhandler+24>
   0x0000000080000acc <Mtrampoline+12>: j       0x80000be4 <trap_Mhandler+36>
   0x0000000080000ad0 <Mtrampoline+16>: j       0x80000bf0 <trap_Mhandler+48>
End of assembler dump.
(gdb)
```

```
The virtual address 0xffffffff800002f0 maps to physical address 0x800002f0, and its PTE is located at 0x8000dff0.
PMP Entry 0 (NAPOT): 0x8000_D000 ~ 0x8000_DFFF
Permissions: X-only (execute only, no read/write)
(gdb) xtra 0xffffffff800002f0
$pte_addr:0x8000dff0
0x8000dff0:     0x200000cb      0x00000000      0x00000000      0x00000000
0x8000e000:     0xbaaaaaad      0xbaaaaaad      0xbaaaaaad      0xbaaaaaad
0x8000e010:     0xbaaaaaad      0xbaaaaaad      0xbaaaaaad      0xbaaaaaad
0x8000e020:     0xbaaaaaad      0xbaaaaaad      0xbaaaaaad      0xbaaaaaad

=================physical:0x800002f0===================
```

Sail behavior：
```
clint mtime 0x000000000000012E
mem[X,0x00000000800002EC] -> 0x30200073
[604] [M]: 0x00000000800002EC (0x30200073) mret                                     write_pmpcfg0+300
CSR mstatus (0x300) <- 0x8000000A00006680
ret-ing from M to S

mem[R,0x000000008000DFF0] -> 0x00000000200000CB
mem[X,0x00000000800002F0] -> 0x01060613
[605] [S]: 0xFFFFFFFF800002F0 (0x01060613) addi x12, x12, 0x10                      va_rvtest_code_begin+752
x12 <- 0x0000000000000810

clint mtime 0x000000000000012F
mem[X,0x00000000800002F4] -> 0x00C7AA23
[606] [S]: 0xFFFFFFFF800002F4 (0x00C7AA23) sw x12, 0x14(x15)                        va_rvtest_code_begin+756
trapping from S to M to handle store/amo-access-fault
handling exc#store/amo-access-fault at priv M with tval 0x0000000000009014
CSR mstatus (0x300) <- 0x8000000A00006E00
CSR mcause (0x342) <- 0x0000000000000007
CSR mtval (0x343) <- 0x0000000000009014
CSR mepc (0x341) <- 0xFFFFFFFF800002F4
```

@jamesbeyond @jordancarlin

**Comment by allenjbaum** [comment]
It's a bit odd that epc is zero. There are lots of implementations that
will trap on any access, even if the PMP allow it, because a PMA may not.

**Comment by jordancarlin** [comment]
I suspect there is something wrong with the failure reporting code here. MEPC and MTVAL should be the same for an access fault.

**Comment by haijiang-xu** [comment]
I re-ran this program and confirmed the mepc value at the point of entering the trap.
```
Dump of assembler code from 0xffffffff800002dc to 0xffffffff80000304:
   0xffffffff800002dc:  .insn   2, 0x
   0xffffffff800002de:  .insn   2, 0x
   0xffffffff800002e0:  .insn   2, 0x
   0xffffffff800002e2:  .insn   2, 0x
   0xffffffff800002e4:  .insn   2, 0x
   0xffffffff800002e6:  .insn   2, 0x
   0xffffffff800002e8:  .insn   2, 0x
   0xffffffff800002ea:  .insn   2, 0x
   0xffffffff800002ec:  .insn   2, 0x
   0xffffffff800002ee:  .insn   2, 0x
=> 0xffffffff800002f0:  .insn   2, 0x
   0xffffffff800002f2:  .insn   2, 0x
   0xffffffff800002f4:  .insn   2, 0x
   0xffffffff800002f6:  .insn   2, 0x
   0xffffffff800002f8:  .insn   2, 0x
   0xffffffff800002fa:  .insn   2, 0x
   0xffffffff800002fc:  .insn   2, 0x
   0xffffffff800002fe:  .insn   2, 0x
   0xffffffff80000300:  .insn   2, 0x
   0xffffffff80000302:  .insn   2, 0x
End of assembler dump.
(gdb) si
0x0000000080000ac0 in Mtrampoline () at /home/jenkins/xuhj/workplaces/ACT/latest/riscv-arch-test/tests/priv/SvPMP/sv39_pmp_on_pte_Smode.S:218
218     in /home/jenkins/xuhj/workplaces/ACT/latest/riscv-arch-test/tests/priv/SvPMP/sv39_pmp_on_pte_Smode.S
Dump of assembler code from 0x80000aac to 0x80000ad4:
   0x0000000080000aac <abort_test+28>:  addi    a0,a0,685
   0x0000000080000ab0 <abort_test+32>:  j       0x800008d8 <cleanup_epilogs>
   0x0000000080000ab4 <abort_test+36>:  nop
   0x0000000080000ab8 <abort_test+40>:  nop
   0x0000000080000abc <abort_test+44>:  nop
=> 0x0000000080000ac0 <Mtrampoline+0>:  j       0x80000bc0 <trap_Mhandler>
   0x0000000080000ac4 <Mtrampoline+4>:  j       0x80000bcc <trap_Mhandler+12>
   0x0000000080000ac8 <Mtrampoline+8>:  j       0x80000bd8 <trap_Mhandler+24>
   0x0000000080000acc <Mtrampoline+12>: j       0x80000be4 <trap_Mhandler+36>
   0x0000000080000ad0 <Mtrampoline+16>: j       0x80000bf0 <trap_Mhandler+48>
End of assembler dump.
(gdb) i r mepc mtval mcause
mepc           0xffffffff800002f0       -2147482896
mtval          0xffffffff800002f0       -2147482896
mcause         0x1      1
(gdb)
```

**Comment by allenjbaum** [comment]
This would be much easier with a trace listing.
Bottom line: The code is doing an MRET from M to S to VA 0xffffffff800002f0 which maps to PA 0x800002f0 
Sail is executing the instruction  at 2f0: addi    a2,a2,16. 
There  is a PMP entry 0x8000_D000 ~ 0x8000_DFFF which is execute only.
Is there another PMP entry that covers 0x8000_0000 ~ 0x8000_0FFF? If not, then there are no permissions whatsoever to execute the instruction, so PMP0 is irrelevant. and it should trap with an instruction access fault  =1 since it can't access the instruction.
Otherwise, it should try to fetch the instruction, which may trap on the PTE fetch.... if that fetch is made to memory.
But, if it's already in a TLB, then the PTE fetch doesn't go to memory, and would be successful.
Does this test ensure that the PTE entry is not in the TLB?

**Comment by jordancarlin** [comment]
I discovered there were some missing `sfence.vma` instructions. Hoping #2035 fixes this issue.

**Comment by jordancarlin** [comment]
@haijiang-xu @jamesbeyond checking in. Are these tests passing now that #2035 is merged?

**Comment by haijiang-xu** [comment]
This issue still persists in the latest commit.
···
RVCP-SUMMARY: TEST FAILED - Test File "sv39_pmp_on_pte_Smode.S"                                                                                                          
                                                                                                                                                                         
RVCP: DEBUG INFORMATION FOLLOWS                                                                                                                                          
RVCP: Test Info: "Mismatch in mcause value! Trap was being handled in M-Mode."                                                                                           
RVCP: ===== TRAP FAILURE DIAGNOSTICS =====                                                                                                                               
RVCP: Failure: "Mismatch in mcause value! Trap was being handled in M-Mode."                                                                                             
RVCP: Trap handler mode: M-mode                                                                                                                                          
RVCP: Mismatching field: XCAUSE (trap signature word 1)                                                                                                                  
RVCP: Expected value: 0x0000000000000007                                                                                                                                 
RVCP: Actual value:   0x0000000000000001                                                                                                                                 
RVCP: Expected cause: Store/AMO access fault                                                                                                                             
RVCP: Actual cause:   Instruction access fault                                                                                                                           
RVCP: XEPC:    0xffffffff800002f8                                                                                                                                        
RVCP: XCAUSE:  0x0000000000000001                                                                                                                                        
RVCP: XTVAL:   0xffffffff800002f8                                                                                                                                        
RVCP: XSTATUS: 0x8000040a00006e00                                                                                                                                        
RVCP: HINT: XCAUSE mismatch means a different exception or interrupt type was                                                                                            
RVCP:       observed. Check: instruction encoding correctness, CSR accessibility                                                                                         
RVCP:       at current privilege, PMP/page table configuration, extension support.                                                                                       
RVCP: END OF DEBUG INFORMATION
···

DUT: 
···
(gdb) disassemble $pc-20,$pc+20
Dump of assembler code from 0x800002e0 to 0x80000308:
   0x00000000800002e0 <write_pmpcfg0+300>:      csrw    mepc,s1
   0x00000000800002e4 <write_pmpcfg0+304>:      ld      t1,824(s0)
   0x00000000800002e8 <write_pmpcfg0+308>:      ld      t2,832(s0)
   0x00000000800002ec <write_pmpcfg0+312>:      ld      s1,840(s0)
   0x00000000800002f0 <write_pmpcfg0+316>:      ld      s0,848(s0)
=> 0x00000000800002f4 <write_pmpcfg0+320>:      mret
   0x00000000800002f8 <write_pmpcfg0+324>:      addi    a2,a2,16
   0x00000000800002fc <test1_store+0>:  sw      a2,20(a5)
   0x0000000080000300 <test1_store+4>:  nop
   0x0000000080000304 <test1_load+0>:   lw      a3,20(a5)
End of assembler dump.
(gdb) i r mepc                            
mepc           0xffffffff800002f8       -2147482888
(gdb) source ~/xuhj/help.txt 
(gdb) xsi 
0xffffffff800002f8 in ?? ()
Dump of assembler code from 0xffffffff800002e4 to 0xffffffff8000030c:
   0xffffffff800002e4:  .insn   2, 0x
   0xffffffff800002e6:  .insn   2, 0x
   0xffffffff800002e8:  .insn   2, 0x
   0xffffffff800002ea:  .insn   2, 0x
   0xffffffff800002ec:  .insn   2, 0x
   0xffffffff800002ee:  .insn   2, 0x
   0xffffffff800002f0:  .insn   2, 0x
   0xffffffff800002f2:  .insn   2, 0x
   0xffffffff800002f4:  .insn   2, 0x
   0xffffffff800002f6:  .insn   2, 0x
=> 0xffffffff800002f8:  .insn   2, 0x
   0xffffffff800002fa:  .insn   2, 0x
   0xffffffff800002fc:  .insn   2, 0x
   0xffffffff800002fe:  .insn   2, 0x
   0xffffffff80000300:  .insn   2, 0x
   0xffffffff80000302:  .insn   2, 0x
   0xffffffff80000304:  .insn   2, 0x
   0xffffffff80000306:  .insn   2, 0x
   0xffffffff80000308:  .insn   2, 0x
   0xffffffff8000030a:  .insn   2, 0x
End of assembler dump.
(gdb) si
0x0000000080000cc0 in Mtrampoline () at /home/jenkins/xuhj/workplaces/ACT/riscv-arch-test/tests/priv/SvPMP/sv39_pmp_on_pte_Smode.S:214
214     in /home/jenkins/xuhj/workplaces/ACT/riscv-arch-test/tests/priv/SvPMP/sv39_pmp_on_pte_Smode.S
1: /x $mstatus = 0x8000040a00006e00
(gdb) i r mcause
mcause         0x1      1
(gdb) i r x15                                                                       
x15            0x9000              36864                                            
(gdb)
···


SAIL:

```

mem[X,0x00000000800002E0] -> 0x34149073
[607] [M]: 0x00000000800002E0 (0x34149073) csrrw x0, mepc, x9                       write_pmpcfg0+300
CSR mepc (0x341) <- 0xFFFFFFFF800002F8

clint mtime 0x0000000000000130
mem[X,0x00000000800002E4] -> 0x33843303
[608] [M]: 0x00000000800002E4 (0x33843303) ld x6, 0x338(x8)                         write_pmpcfg0+304
mem[R,0x0000000080008448] -> 0x000000008000D000
x6 <- 0x000000008000D000

mem[X,0x00000000800002E8] -> 0x34043383
[609] [M]: 0x00000000800002E8 (0x34043383) ld x7, 0x340(x8)                         write_pmpcfg0+308
mem[R,0x0000000080008450] -> 0x000000000000001C
x7 <- 0x000000000000001C

clint mtime 0x0000000000000131
mem[X,0x00000000800002EC] -> 0x34843483
[610] [M]: 0x00000000800002EC (0x34843483) ld x9, 0x348(x8)                         write_pmpcfg0+312
mem[R,0x0000000080008458] -> 0xEDBEADFEEDBEADFE
x9 <- 0xEDBEADFEEDBEADFE

mem[X,0x00000000800002F0] -> 0x35043403
[611] [M]: 0x00000000800002F0 (0x35043403) ld x8, 0x350(x8)                         write_pmpcfg0+316
mem[R,0x0000000080008460] -> 0xDF56FF76DF56FF76
x8 <- 0xDF56FF76DF56FF76

clint mtime 0x0000000000000132
mem[X,0x00000000800002F4] -> 0x30200073
[612] [M]: 0x00000000800002F4 (0x30200073) mret                                     write_pmpcfg0+320
CSR mstatus (0x300) <- 0x8000000A00006680
ret-ing from M to S

mem[R,0x000000008000DFF0] -> 0x00000000200000CB
mem[X,0x00000000800002F8] -> 0x01060613
[613] [S]: 0xFFFFFFFF800002F8 (0x01060613) addi x12, x12, 0x10                      va_rvtest_code_begin+760
x12 <- 0x0000000000000810

clint mtime 0x0000000000000133
mem[X,0x00000000800002FC] -> 0x00C7AA23
[614] [S]: 0xFFFFFFFF800002FC (0x00C7AA23) sw x12, 0x14(x15)                        va_rvtest_code_begin+764
PMP check failed at matching entry #0.
trapping from S to M to handle store/amo-access-fault
handling exc#store/amo-access-fault at priv M with tval 0x0000000000009014
CSR mstatus (0x300) <- 0x8000000A00006E00
CSR mcause (0x342) <- 0x0000000000000007
CSR mtval (0x343) <- 0x0000000000009014
CSR mepc (0x341) <- 0xFFFFFFFF800002FC

mem[X,0x0000000080000CC0] -> 0x1000006F
[615] [M]: 0x0000000080000CC0 (0x1000006F) jal x0, 0x100                            Mtrampoline+0

```
[James Shi (@jamesbeyond)](https://github.com/jamesbeyond) [Jordan Carlin (@jordancarlin)](https://github.com/jordancarlin)

**Comment by haijiang-xu** [comment]
Thanks. Same as https://github.com/riscv/riscv-arch-test/issues/1970, this is also a configuration issue.
