### ISSUE TITLE
SAIL PMP bug

### ISSUE THREAD

**Issue by haijiang-xu** [riscv/riscv-arch-test#1970]
Test case: pmpsm_tor_legal_lwxr.S
Test case: pmps_na4_legal_lxwr.S
```
RVCP-SUMMARY: TEST FAILED - Test File "pmpsm_tor_legal_lwxr.S"                                                                                                           
RVCP: DEBUG INFORMATION FOLLOWS                                                                                                                                          
RVCP: Test Info: "test: 6;  cp: cp_cfg_A_tor_lw_address"                                                                                                                 
RVCP: Instruction: 0x0007a703                                                                                                                                            
RVCP: Approximate address (failure may be slightly after this): 0x00000000800004a0                                                                                       
RVCP: Register: x14                                                                                                                                                      
RVCP: Bad Value:      0x0000000000000013                                                                                                                                 
RVCP: Expected Value: 0x0000001300000013                                                                                                                                 
RVCP: END OF DEBUG INFORMATION
```
```
gdb) disassemble $pc-20,$pc+20                                                     
Dump of assembler code from 0x8000048c to 0x800004b4:                               
   0x000000008000048c <test_1_5+72>:    nop                                         
   0x0000000080000490 <test_1_5+76>:    nop                                         
   0x0000000080000494 <test_1_5+80>:    nop                                         
   0x0000000080000498 <test_1_5+84>:    nop                                         
   0x000000008000049c <test_1_5+88>:    nop                                         
=> 0x00000000800004a0 <test_1_6+0>:     lw      a4,0(a5)                            
   0x00000000800004a4 <test_1_6+4>:     nop                                         
   0x00000000800004a8 <test_1_6+8>:     nop                                         
   0x00000000800004ac <test_1_6+12>:    ld      tp,0(sp)                            
   0x00000000800004b0 <test_1_6+16>:    beq     tp,a4,0x800004c8 <test_1_6+40>      
End of assembler dump.                                                              
(gdb) i r a5                                                                        
a5             0x80009004       2147520516                                          
(gdb) x /2xw 0x80009004                                                                                                                                                  
0x80009004:     0x00000013      0x00000013
(gdb) i r pmpaddr0 pmpaddr1 pmpaddr2 pmpaddr3 pmpaddr4 pmpaddr5 pmpaddr6 pmpaddr7 pmpaddr8 pmpaddr9 pmpaddr10 pmpaddr11 pmpaddr12 pmpaddr13 pmpaddr14 pmpaddr15 pmpaddr16
pmpaddr0       0x20002400       536880128
pmpaddr1       0x20002400       536880128
pmpaddr2       0x20002400       536880128
pmpaddr3       0x20002400       536880128
pmpaddr4       0x20002400       536880128
pmpaddr5       0x20002400       536880128
pmpaddr6       0x20002400       536880128
pmpaddr7       0x20002400       536880128
pmpaddr8       0x20002400       536880128
pmpaddr9       0x20002400       536880128
pmpaddr10      0x20002400       536880128
pmpaddr11      0x20002400       536880128
pmpaddr12      0x0      0
pmpaddr13      0x0      0
pmpaddr14      0x0      0
pmpaddr15      0x3fffffffffff   70368744177663
pmpaddr16      0x0      0
(gdb) i r pmpcfg0
pmpcfg0        0x0      0
(gdb) i r pmpcfg2
pmpcfg2        0x9f00000088000000       -6989586619397308416

                                
Dump of assembler code from 0x8000049c to 0x800004c4:
   0x000000008000049c <test_1_5+88>:    nop
   0x00000000800004a0 <test_1_6+0>:     lw      a4,0(a5)
   0x00000000800004a4 <test_1_6+4>:     nop
   0x00000000800004a8 <test_1_6+8>:     nop
   0x00000000800004ac <test_1_6+12>:    ld      tp,0(sp)
=> 0x00000000800004b0 <test_1_6+16>:    beq     tp,a4,0x800004c8 <test_1_6+40>
   0x00000000800004b4 <test_1_6+20>:    jal     t0,0x800033a8 <failedtest_x5_x4>
   0x00000000800004b8 <test_1_6+24>:    .insn   2, 0x04a0
   0x00000000800004ba <test_1_6+26>:    .insn   2, 0x8000
   0x00000000800004bc <test_1_6+28>:    .insn   2, 0x
   0x00000000800004be <test_1_6+30>:    .insn   2, 0x
   0x00000000800004c0 <test_1_6+32>:    .insn   2, 0x8892
   0x00000000800004c2 <test_1_6+34>:    .insn   2, 0x8000
End of assembler dump.
(gdb) i r tp a4                           
tp             0x1300000013     0x1300000013
a4             0x13     19
```
```
clint mtime 0x000000000000028B
mem[X,0x00000000800004A0] -> 0x0007A703
[1302] [M]: 0x00000000800004A0 (0x0007A703) lw x14, 0x0(x15)                        test_1_6+0
trapping from M to M to handle load-access-fault
handling exc#load-access-fault at priv M with tval 0x0000000080009004
CSR mstatus (0x300) <- 0x8000000A00007E00
CSR mcause (0x342) <- 0x0000000000000005
CSR mtval (0x343) <- 0x0000000080009004
CSR mepc (0x341) <- 0x00000000800004A0
```

1. The DUT accesses a5 normally, while Sail raises a load access fault.
2. Check whether PMP protects this address range — pmpaddr11 upper and lower bounds are identical, so it cannot protect this address range.

@jamesbeyond @jordancarlin 

pmps_na4_legal_lxwr:
```
RVCP-SUMMARY: TEST FAILED - Test File "pmps_na4_legal_lxwr.S"                                                                                                            
RVCP: DEBUG INFORMATION FOLLOWS                                                                                                                                          
RVCP: Test Info: "test: 5; cp: pmps_cfg_A_off_all_lw_address"                                                                                                            
RVCP: Instruction: 0x0007a703                                                                                                                                            
RVCP: Approximate address (failure may be slightly after this): 0x0000000080000328                                                                                       
RVCP: Register: x14                                                                                                                                                      
RVCP: Bad Value:      0x0000000000000013                                                                                                                                 
RVCP: Expected Value: 0x0000001300000013                                                                                                                                 
RVCP: END OF DEBUG INFORMATION
```
```
   0x0000000080000324 <test_1_4+36>:    addi    sp,sp,8
=> 0x0000000080000328 <test_1_5+0>:     lw      a4,0(a5)
   0x000000008000032c <test_1_5+4>:     nop
   0x0000000080000330 <test_1_5+8>:     ld      tp,0(sp)
   0x0000000080000334 <test_1_5+12>:    beq     tp,a4,0x8000034c <test_1_5+36>
   0x0000000080000338 <test_1_5+16>:    jal     t0,0x80002c68 <failedtest_x5_x4>
End of assembler dump.
(gdb) i r a5
a5             0x80009004       2147520516
(gdb) i r pmpaddr0 pmpaddr1 pmpaddr2 pmpaddr3 pmpaddr4 pmpaddr5 pmpaddr6 pmpaddr7 pmpaddr8 pmpaddr9 pmpaddr10 pmpaddr11 pmpaddr12 pmpaddr13 pmpaddr14 pmpaddr15
pmpaddr0       0x0      0
pmpaddr1       0x0      0
pmpaddr2       0x0      0
pmpaddr3       0x0      0
pmpaddr4       0x0      0
pmpaddr5       0x20002400       536880128
pmpaddr6       0x0      0
pmpaddr7       0x0      0
pmpaddr8       0x0      0
pmpaddr9       0x0      0
pmpaddr10      0x0      0
pmpaddr11      0x0      0
pmpaddr12      0x0      0
pmpaddr13      0x0      0
pmpaddr14      0x0      0
pmpaddr15      0x3fffffffffff   70368744177663
(gdb) i r pmpcfg0 pmpcfg2
pmpcfg0        0x0      0
pmpcfg2        0x9f00000000000000       -6989586621679009792
(gdb) si
0x000000008000032c      163     in /home/jenkins/xuhj/workplaces/ACT/latest/riscv-arch-test/tests/priv/pmp/pmp64/PMPS/pmps_na4_legal_lxwr.S
(gdb) si
0x0000000080000330      163     in /home/jenkins/xuhj/workplaces/ACT/latest/riscv-arch-test/tests/priv/pmp/pmp64/PMPS/pmps_na4_legal_lxwr.S
(gdb) si
0x0000000080000334      163     in /home/jenkins/xuhj/workplaces/ACT/latest/riscv-arch-test/tests/priv/pmp/pmp64/PMPS/pmps_na4_legal_lxwr.S
(gdb) i r tp a4
tp             0x1300000013     0x1300000013
a4             0x13     19
(gdb)
```
```
mem[X,0x0000000080000328] -> 0x0007A703
[895] [S]: 0x0000000080000328 (0x0007A703) lw x14, 0x0(x15)                         test_1_5+0
trapping from S to S to handle load-access-fault
handling exc#load-access-fault at priv S with tval 0x0000000080009004
CSR mstatus (0x300) <- 0x8000000A00006780
CSR scause (0x142) <- 0x0000000000000005
CSR stval (0x143) <- 0x0000000080009004
CSR sepc (0x141) <- 0x0000000080000328
```

**Comment by pmundkur** [comment]
Could you attach the ELF and the Sail config you used?

**Comment by jordancarlin** [comment]
I discovered there were some missing `sfence.vma` instructions. Hoping #2035 fixes this issue.

**Comment by jordancarlin** [comment]
@haijiang-xu @jamesbeyond checking in. Are these tests passing now that #2035 is merged?

**Comment by pmundkur** [comment]
@haijiang-xu The 0.13.1 release of the Sail model has a `--trace-pmp` option that should give a trace message on whether the fault was due to PMP.  The release is drop-in compatible with the 0.13 release, you won't have to change any Sail config files.

**Comment by haijiang-xu** [comment]
"pmp": {
      "grain": 0,
      // This specifies the number of PMP entries present.
      // The value must be one of 0, 16, or 64.
      "count": 16,
      // This specifies the number of usable PMP entries.
      // Entries higher than this are read-only-zero.
      // The value must be less than or equal to `count`.
      "usable_count": 16,
      "tor_supported": true,
      "na4_supported": true,
      "napot_supported": true
    },

      // The configuration option determines how to handle the reserved behavior `pmpcfg_with_R0W1`.
      // "PMP_Fatal"  – raise a Sail exception, stopping execution.
      // "PMP_ClearPermissions" – convert a PMP entry with R=0, W=1 to R=0, W=0, X=0.
      "pmpcfg_write_only": "PMP_ClearPermissions",

**Comment by haijiang-xu** [comment]
This issue still exists at the latest commit.

**Comment by haijiang-xu** [comment]
pmps_na4_legal_lxwr.sig
```
RVCP-SUMMARY: TEST FAILED - Test File "pmps_na4_legal_lxwr.S"                                                                                                            
                                                                                                                                                                         
RVCP: DEBUG INFORMATION FOLLOWS                                                                                                                                          
RVCP: Test Info: "test: 5; cp: pmps_cfg_A_off_all_lw_address"                                                                                                            
RVCP: Instruction: 0x0007a703                                                                                                                                            
RVCP: Approximate address (failure may be slightly after this): 0x0000000080000308                                                                                       
RVCP: Register: x14                                                                                                                                                      
RVCP: Bad Value:      0x0000000000000013                                                                                                                                 
RVCP: Expected Value: 0x0000001300000013                                                                                                                                 
RVCP: END OF DEBUG INFORMATION 
```

Sail:
```
mem[X,0x0000000080000308] -> 0x0007A703
[971] [S]: 0x0000000080000308 (0x0007A703) lw x14, 0x0(x15)                         test_1_5+0
PMP check failed at matching entry #5.
trapping from S to S to handle load-access-fault
handling exc#load-access-fault at priv S with tval 0x0000000080009004
CSR mstatus (0x300) <- 0x8000000A00006780
CSR scause (0x142) <- 0x0000000000000005
CSR stval (0x143) <- 0x0000000080009004
CSR sepc (0x141) <- 0x0000000080000308
```

DUT:
```
   0x0000000080000300 <test_1_4+32>:    .insn   2, 0x
   0x0000000080000302 <test_1_4+34>:    .insn   2, 0x
   0x0000000080000304 <test_1_4+36>:    addi    sp,sp,8
=> 0x0000000080000308 <test_1_5+0>:     lw      a4,0(a5)
   0x000000008000030c <test_1_5+4>:     nop
   0x0000000080000310 <test_1_5+8>:     ld      tp,0(sp)
   0x0000000080000314 <test_1_5+12>:    beq     tp,a4,0x8000032c <test_1_5+36>
   0x0000000080000318 <test_1_5+16>:    jal     t0,0x800034a0 <failedtest_x5_x4>
End of assembler dump.
(gdb) i r a5
a5             0x80009004       2147520516
(gdb) x /2xw 0x80009004
0x80009004:     0x00000013      0x00000013
(gdb) si
0x000000008000030c      150     in /home/jenkins/xuhj/workplaces/ACT/riscv-arch-test/tests/priv/pmp/pmp64/PMPS/pmps_na4_legal_lxwr.S
(gdb) 
0x0000000080000310      150     in /home/jenkins/xuhj/workplaces/ACT/riscv-arch-test/tests/priv/pmp/pmp64/PMPS/pmps_na4_legal_lxwr.S
(gdb) 
0x0000000080000314      150     in /home/jenkins/xuhj/workplaces/ACT/riscv-arch-test/tests/priv/pmp/pmp64/PMPS/pmps_na4_legal_lxwr.S
(gdb) i r tp a4
tp             0x1300000013     0x1300000013
a4             0x13     19
(gdb) i r pmpaddr0 pmpaddr1 pmpaddr2 pmpaddr3 pmpaddr4 pmpaddr5 pmpaddr6 pmpaddr7 pmpaddr8 pmpaddr9 pmpaddr10 pmpaddr11 pmpaddr12 pmpaddr13 pmpaddr14 pmpaddr15
pmpaddr0       0x0      0
pmpaddr1       0x0      0
pmpaddr2       0x0      0
pmpaddr3       0x0      0
pmpaddr4       0x0      0
pmpaddr5       0x20002400       536880128
pmpaddr6       0x0      0
pmpaddr7       0x0      0
pmpaddr8       0x0      0
pmpaddr9       0x0      0
pmpaddr10      0x0      0
pmpaddr11      0x0      0
pmpaddr12      0x0      0
pmpaddr13      0x0      0
pmpaddr14      0x0      0
pmpaddr15      0x3fffffffffff   70368744177663
(gdb) i r pmpcfg0 pmpcfg2
pmpcfg0        0x0      0
pmpcfg2        0x9f00000000000000       -6989586621679009792
(gdb)
```

**Comment by pmundkur** [comment]
That is strange.  Could you attach the ELF as well?

**Comment by jordancarlin** [comment]
One thing to confirm is whether your DUT supports NA4/what PMP granularity your DUT supports. Make sure that both your UDB config and your sail config match your DUT. One possible explanation for this behavior is that your DUT does not support NA4 but the Sail model is configured to support NA4. If that is not the case, then we will need the ELF and sail config file to debug further.

**Comment by haijiang-xu** [comment]
It is indeed a configuration issue. After modifying to the following configuration, the test case has PASSED:

```json
"pmp": {
    "grain": 10,
    "count": 16,
    "usable_count": 16,
    "tor_supported": true,
    "na4_supported": false,
    "napot_supported": true
}
```
